{"/Users/shirishdikkar/Documents/typescript-testing/client/src/App.tsx": {"path":"/Users/shirishdikkar/Documents/typescript-testing/client/src/App.tsx","statementMap":{"0":{"start":{"line":1,"column":0},"end":{"line":1,"column":30}},"1":{"start":{"line":2,"column":0},"end":{"line":2,"column":19}},"2":{"start":{"line":3,"column":0},"end":{"line":3,"column":39}},"3":{"start":{"line":4,"column":0},"end":{"line":4,"column":61}},"4":{"start":{"line":6,"column":0},"end":{"line":6,"column":33}},"5":{"start":{"line":6,"column":18},"end":{"line":6,"column":33}},"6":{"start":{"line":7,"column":9},"end":{"line":16,"column":3}},"7":{"start":{"line":8,"column":4},"end":{"line":15,"column":6}},"8":{"start":{"line":17,"column":0},"end":{"line":17,"column":1}},"9":{"start":{"line":19,"column":0},"end":{"line":19,"column":19}}},"fnMap":{"0":{"name":"(anonymous_5)","decl":{"start":{"line":6,"column":0},"end":{"line":null,"column":-1}},"loc":{"start":{"line":6,"column":0},"end":{"line":6,"column":-1}}},"1":{"name":"(anonymous_7)","decl":{"start":{"line":7,"column":2},"end":{"line":null,"column":-1}},"loc":{"start":{"line":7,"column":2},"end":{"line":16,"column":3}}}},"branchMap":{},"s":{"0":1,"1":1,"2":1,"3":1,"4":1,"5":1,"6":1,"7":1,"8":1,"9":1},"f":{"0":2,"1":1},"b":{}}
,"/Users/shirishdikkar/Documents/typescript-testing/client/src/component/Button.tsx": {"path":"/Users/shirishdikkar/Documents/typescript-testing/client/src/component/Button.tsx","statementMap":{"0":{"start":{"line":1,"column":0},"end":{"line":1,"column":30}},"1":{"start":{"line":3,"column":0},"end":{"line":3,"column":36}},"2":{"start":{"line":3,"column":21},"end":{"line":3,"column":36}},"3":{"start":{"line":4,"column":9},"end":{"line":8,"column":3}},"4":{"start":{"line":5,"column":4},"end":{"line":7,"column":6}},"5":{"start":{"line":9,"column":0},"end":{"line":9,"column":1}},"6":{"start":{"line":11,"column":0},"end":{"line":11,"column":22}}},"fnMap":{"0":{"name":"(anonymous_5)","decl":{"start":{"line":3,"column":0},"end":{"line":null,"column":-1}},"loc":{"start":{"line":3,"column":0},"end":{"line":3,"column":-1}}},"1":{"name":"(anonymous_7)","decl":{"start":{"line":4,"column":2},"end":{"line":null,"column":-1}},"loc":{"start":{"line":4,"column":2},"end":{"line":8,"column":3}}}},"branchMap":{},"s":{"0":2,"1":2,"2":2,"3":2,"4":2,"5":2,"6":2},"f":{"0":4,"1":2},"b":{}}
,"/Users/shirishdikkar/Documents/typescript-testing/client/src/component/CheckboxWithLabel.tsx": {"path":"/Users/shirishdikkar/Documents/typescript-testing/client/src/component/CheckboxWithLabel.tsx","statementMap":{"0":{"start":{"line":1,"column":0},"end":{"line":1,"column":29}},"1":{"start":{"line":12,"column":0},"end":{"line":12,"column":47}},"2":{"start":{"line":12,"column":32},"end":{"line":12,"column":97}},"3":{"start":{"line":14,"column":4},"end":{"line":14,"column":16}},"4":{"start":{"line":15,"column":4},"end":{"line":15,"column":38}},"5":{"start":{"line":16,"column":4},"end":{"line":16,"column":51}},"6":{"start":{"line":18,"column":9},"end":{"line":21,"column":3}},"7":{"start":{"line":19,"column":4},"end":{"line":19,"column":65}},"8":{"start":{"line":19,"column":29},"end":{"line":19,"column":64}},"9":{"start":{"line":23,"column":9},"end":{"line":35,"column":3}},"10":{"start":{"line":24,"column":4},"end":{"line":34,"column":6}},"11":{"start":{"line":36,"column":0},"end":{"line":36,"column":1}},"12":{"start":{"line":38,"column":0},"end":{"line":38,"column":33}}},"fnMap":{"0":{"name":"(anonymous_5)","decl":{"start":{"line":12,"column":0},"end":{"line":null,"column":-1}},"loc":{"start":{"line":12,"column":0},"end":{"line":12,"column":-1}}},"1":{"name":"CheckboxWithLabel","decl":{"start":{"line":13,"column":2},"end":{"line":13,"column":13}},"loc":{"start":{"line":13,"column":44},"end":{"line":17,"column":3}}},"2":{"name":"(anonymous_7)","decl":{"start":{"line":18,"column":2},"end":{"line":18,"column":20}},"loc":{"start":{"line":18,"column":31},"end":{"line":21,"column":3}}},"3":{"name":"(anonymous_8)","decl":{"start":{"line":19,"column":18},"end":{"line":19,"column":17}},"loc":{"start":{"line":19,"column":25},"end":{"line":19,"column":64}}},"4":{"name":"(anonymous_9)","decl":{"start":{"line":23,"column":2},"end":{"line":null,"column":-1}},"loc":{"start":{"line":23,"column":2},"end":{"line":35,"column":3}}}},"branchMap":{"0":{"loc":{"start":{"line":14,"column":4},"end":{"line":14,"column":16}},"type":"binary-expr","locations":[{"start":{"line":14,"column":4},"end":{"line":14,"column":16}},{"start":{"line":14,"column":16},"end":{"line":17,"column":2}}]},"1":{"loc":{"start":{"line":32,"column":32},"end":{"line":32,"column":50}},"type":"cond-expr","locations":[{"start":{"line":32,"column":32},"end":{"line":32,"column":50}},{"start":{"line":32,"column":53},"end":{"line":32,"column":72}}]}},"s":{"0":2,"1":2,"2":2,"3":2,"4":2,"5":2,"6":2,"7":1,"8":1,"9":2,"10":3,"11":2,"12":2},"f":{"0":2,"1":2,"2":1,"3":1,"4":3},"b":{"0":[2,2],"1":[1,2]}}
}
