TN:
SF:/Users/shirishdikkar/Documents/typescript-testing/client/src/App.tsx
FN:6,(anonymous_5)
FN:7,(anonymous_7)
FNF:2
FNH:2
FNDA:2,(anonymous_5)
FNDA:1,(anonymous_7)
DA:1,1
DA:2,1
DA:3,1
DA:4,1
DA:6,1
DA:7,1
DA:8,1
DA:17,1
DA:19,1
LF:9
LH:9
BRF:0
BRH:0
end_of_record
TN:
SF:/Users/shirishdikkar/Documents/typescript-testing/client/src/component/Button.tsx
FN:3,(anonymous_5)
FN:4,(anonymous_7)
FNF:2
FNH:2
FNDA:4,(anonymous_5)
FNDA:2,(anonymous_7)
DA:1,2
DA:3,2
DA:4,2
DA:5,2
DA:9,2
DA:11,2
LF:6
LH:6
BRF:0
BRH:0
end_of_record
TN:
SF:/Users/shirishdikkar/Documents/typescript-testing/client/src/component/CheckboxWithLabel.tsx
FN:12,(anonymous_5)
FN:13,CheckboxWithLabel
FN:18,(anonymous_7)
FN:19,(anonymous_8)
FN:23,(anonymous_9)
FNF:5
FNH:5
FNDA:2,(anonymous_5)
FNDA:2,CheckboxWithLabel
FNDA:1,(anonymous_7)
FNDA:1,(anonymous_8)
FNDA:3,(anonymous_9)
DA:1,2
DA:12,2
DA:14,2
DA:15,2
DA:16,2
DA:18,2
DA:19,1
DA:23,2
DA:24,3
DA:36,2
DA:38,2
LF:11
LH:11
BRDA:14,0,0,2
BRDA:14,0,1,2
BRDA:32,1,0,1
BRDA:32,1,1,2
BRF:4
BRH:4
end_of_record
