{"/Users/shirishdikkar/Documents/typescript-testing/src/App.ts": {"path":"/Users/shirishdikkar/Documents/typescript-testing/src/App.ts","statementMap":{"0":{"start":{"line":1,"column":0},"end":{"line":1,"column":35}},"1":{"start":{"line":3,"column":0},"end":{"line":3,"column":28}},"2":{"start":{"line":4,"column":0},"end":{"line":4,"column":31}},"3":{"start":{"line":10,"column":8},"end":{"line":10,"column":33}},"4":{"start":{"line":11,"column":8},"end":{"line":11,"column":27}},"5":{"start":{"line":13,"column":8},"end":{"line":13,"column":85}},"6":{"start":{"line":18,"column":23},"end":{"line":18,"column":39}},"7":{"start":{"line":19,"column":8},"end":{"line":21,"column":10}},"8":{"start":{"line":20,"column":12},"end":{"line":20,"column":92}},"9":{"start":{"line":22,"column":8},"end":{"line":22,"column":37}},"10":{"start":{"line":24,"column":27},"end":{"line":24,"column":43}},"11":{"start":{"line":25,"column":8},"end":{"line":29,"column":10}},"12":{"start":{"line":25,"column":65},"end":{"line":29,"column":9}},"13":{"start":{"line":26,"column":34},"end":{"line":26,"column":57}},"14":{"start":{"line":28,"column":12},"end":{"line":28,"column":43}},"15":{"start":{"line":30,"column":8},"end":{"line":30,"column":44}},"16":{"start":{"line":34,"column":8},"end":{"line":34,"column":55}},"17":{"start":{"line":35,"column":8},"end":{"line":35,"column":101}},"18":{"start":{"line":36,"column":8},"end":{"line":36,"column":84}},"19":{"start":{"line":37,"column":8},"end":{"line":37,"column":36}},"20":{"start":{"line":38,"column":8},"end":{"line":38,"column":41}},"21":{"start":{"line":39,"column":8},"end":{"line":39,"column":15}},"22":{"start":{"line":43,"column":0},"end":{"line":43,"column":32}}},"fnMap":{"0":{"name":"(anonymous_6)","decl":{"start":{"line":9,"column":4},"end":{"line":null,"column":-1}},"loc":{"start":{"line":9,"column":4},"end":{"line":14,"column":5}}},"1":{"name":"(anonymous_7)","decl":{"start":{"line":16,"column":12},"end":{"line":16,"column":22}},"loc":{"start":{"line":16,"column":23},"end":{"line":31,"column":5}}},"2":{"name":"(anonymous_8)","decl":{"start":{"line":19,"column":38},"end":{"line":19,"column":39}},"loc":{"start":{"line":19,"column":51},"end":{"line":21,"column":9}}},"3":{"name":"(anonymous_9)","decl":{"start":{"line":25,"column":47},"end":{"line":25,"column":53}},"loc":{"start":{"line":25,"column":65},"end":{"line":29,"column":9}}},"4":{"name":"(anonymous_10)","decl":{"start":{"line":25,"column":65},"end":{"line":null,"column":-1}},"loc":{"start":{"line":25,"column":65},"end":{"line":29,"column":9}}},"5":{"name":"(anonymous_11)","decl":{"start":{"line":33,"column":12},"end":{"line":33,"column":18}},"loc":{"start":{"line":33,"column":58},"end":{"line":40,"column":5}}}},"branchMap":{},"s":{"0":1,"1":1,"2":1,"3":1,"4":1,"5":1,"6":1,"7":1,"8":1,"9":1,"10":1,"11":1,"12":1,"13":1,"14":1,"15":1,"16":2,"17":2,"18":2,"19":2,"20":2,"21":2,"22":1},"f":{"0":1,"1":1,"2":1,"3":1,"4":1,"5":2},"b":{}}
,"/Users/shirishdikkar/Documents/typescript-testing/src/api/Http.ts": {"path":"/Users/shirishdikkar/Documents/typescript-testing/src/api/Http.ts","statementMap":{"0":{"start":{"line":1,"column":0},"end":{"line":1,"column":44}},"1":{"start":{"line":7,"column":4},"end":{"line":12,"column":7}},"2":{"start":{"line":16,"column":18},"end":{"line":16,"column":49}},"3":{"start":{"line":17,"column":4},"end":{"line":17,"column":43}},"4":{"start":{"line":21,"column":0},"end":{"line":21,"column":20}}},"fnMap":{"0":{"name":"(anonymous_6)","decl":{"start":{"line":6,"column":2},"end":{"line":null,"column":-1}},"loc":{"start":{"line":6,"column":2},"end":{"line":13,"column":3}}},"1":{"name":"(anonymous_7)","decl":{"start":{"line":15,"column":15},"end":{"line":15,"column":17}},"loc":{"start":{"line":15,"column":30},"end":{"line":18,"column":3}}}},"branchMap":{},"s":{"0":2,"1":1,"2":1,"3":1,"4":2},"f":{"0":1,"1":1},"b":{}}
,"/Users/shirishdikkar/Documents/typescript-testing/src/api/Users.ts": {"path":"/Users/shirishdikkar/Documents/typescript-testing/src/api/Users.ts","statementMap":{"0":{"start":{"line":1,"column":0},"end":{"line":1,"column":27}},"1":{"start":{"line":6,"column":8},"end":{"line":6,"column":31}},"2":{"start":{"line":10,"column":29},"end":{"line":10,"column":57}},"3":{"start":{"line":11,"column":8},"end":{"line":11,"column":21}},"4":{"start":{"line":14,"column":0},"end":{"line":14,"column":21}}},"fnMap":{"0":{"name":"(anonymous_6)","decl":{"start":{"line":5,"column":4},"end":{"line":null,"column":-1}},"loc":{"start":{"line":5,"column":4},"end":{"line":7,"column":5}}},"1":{"name":"(anonymous_7)","decl":{"start":{"line":9,"column":17},"end":{"line":9,"column":19}},"loc":{"start":{"line":9,"column":20},"end":{"line":12,"column":5}}}},"branchMap":{},"s":{"0":2,"1":2,"2":2,"3":2,"4":2},"f":{"0":2,"1":2},"b":{}}
,"/Users/shirishdikkar/Documents/typescript-testing/src/mock/SoundPlayer.ts": {"path":"/Users/shirishdikkar/Documents/typescript-testing/src/mock/SoundPlayer.ts","statementMap":{"0":{"start":{"line":7,"column":8},"end":{"line":7,"column":54}},"1":{"start":{"line":1,"column":0},"end":{"line":10,"column":1}}},"fnMap":{"0":{"name":"(anonymous_0)","decl":{"start":{"line":3,"column":4},"end":{"line":null,"column":-1}},"loc":{"start":{"line":3,"column":4},"end":{"line":4,"column":5}}},"1":{"name":"(anonymous_1)","decl":{"start":{"line":6,"column":11},"end":{"line":6,"column":23}},"loc":{"start":{"line":6,"column":41},"end":{"line":8,"column":5}}}},"branchMap":{},"s":{"0":0,"1":2},"f":{"0":0,"1":0},"b":{}}
,"/Users/shirishdikkar/Documents/typescript-testing/src/mock/SoundPlayerConsumer.ts": {"path":"/Users/shirishdikkar/Documents/typescript-testing/src/mock/SoundPlayerConsumer.ts","statementMap":{"0":{"start":{"line":1,"column":0},"end":{"line":1,"column":39}},"1":{"start":{"line":6,"column":4},"end":{"line":6,"column":41}},"2":{"start":{"line":10,"column":30},"end":{"line":10,"column":40}},"3":{"start":{"line":11,"column":4},"end":{"line":11,"column":54}},"4":{"start":{"line":3,"column":0},"end":{"line":14,"column":1}}},"fnMap":{"0":{"name":"(anonymous_0)","decl":{"start":{"line":5,"column":2},"end":{"line":null,"column":-1}},"loc":{"start":{"line":5,"column":2},"end":{"line":7,"column":3}}},"1":{"name":"(anonymous_1)","decl":{"start":{"line":9,"column":2},"end":{"line":9,"column":18}},"loc":{"start":{"line":9,"column":19},"end":{"line":12,"column":3}}}},"branchMap":{},"s":{"0":2,"1":3,"2":2,"3":2,"4":2},"f":{"0":3,"1":2},"b":{}}
,"/Users/shirishdikkar/Documents/typescript-testing/src/simple/sum.ts": {"path":"/Users/shirishdikkar/Documents/typescript-testing/src/simple/sum.ts","statementMap":{"0":{"start":{"line":1,"column":13},"end":{"line":3,"column":41}},"1":{"start":{"line":3,"column":4},"end":{"line":3,"column":40}},"2":{"start":{"line":3,"column":27},"end":{"line":3,"column":36}}},"fnMap":{"0":{"name":"(anonymous_0)","decl":{"start":{"line":2,"column":4},"end":{"line":2,"column":5}},"loc":{"start":{"line":3,"column":4},"end":{"line":3,"column":40}}},"1":{"name":"(anonymous_1)","decl":{"start":{"line":3,"column":13},"end":{"line":3,"column":14}},"loc":{"start":{"line":3,"column":27},"end":{"line":3,"column":36}}}},"branchMap":{},"s":{"0":1,"1":4,"2":4},"f":{"0":4,"1":4},"b":{}}
,"/Users/shirishdikkar/Documents/typescript-testing/src/types/Evaluate.ts": {"path":"/Users/shirishdikkar/Documents/typescript-testing/src/types/Evaluate.ts","statementMap":{"0":{"start":{"line":8,"column":8},"end":{"line":25,"column":9}},"1":{"start":{"line":10,"column":16},"end":{"line":10,"column":34}},"2":{"start":{"line":13,"column":16},"end":{"line":23,"column":17}},"3":{"start":{"line":15,"column":24},"end":{"line":15,"column":84}},"4":{"start":{"line":17,"column":24},"end":{"line":17,"column":84}},"5":{"start":{"line":19,"column":24},"end":{"line":19,"column":84}},"6":{"start":{"line":21,"column":24},"end":{"line":21,"column":84}},"7":{"start":{"line":29,"column":0},"end":{"line":29,"column":30}}},"fnMap":{"0":{"name":"(anonymous_0)","decl":{"start":{"line":5,"column":4},"end":{"line":null,"column":-1}},"loc":{"start":{"line":5,"column":4},"end":{"line":6,"column":5}}},"1":{"name":"(anonymous_1)","decl":{"start":{"line":7,"column":11},"end":{"line":7,"column":18}},"loc":{"start":{"line":7,"column":36},"end":{"line":26,"column":5}}}},"branchMap":{"0":{"loc":{"start":{"line":9,"column":12},"end":{"line":11,"column":13}},"type":"switch","locations":[{"start":{"line":9,"column":12},"end":{"line":11,"column":13}},{"start":{"line":12,"column":12},"end":{"line":24,"column":13}}]},"1":{"loc":{"start":{"line":14,"column":20},"end":{"line":15,"column":84}},"type":"switch","locations":[{"start":{"line":14,"column":20},"end":{"line":15,"column":84}},{"start":{"line":16,"column":20},"end":{"line":17,"column":84}},{"start":{"line":18,"column":20},"end":{"line":19,"column":84}},{"start":{"line":20,"column":20},"end":{"line":21,"column":84}}]}},"s":{"0":13,"1":9,"2":4,"3":1,"4":1,"5":1,"6":1,"7":1},"f":{"0":1,"1":13},"b":{"0":[9,4],"1":[1,1,1,1]}}
}
