TN:
SF:/Users/shirishdikkar/Documents/typescript-testing/src/App.ts
FN:9,(anonymous_6)
FN:16,(anonymous_7)
FN:19,(anonymous_8)
FN:25,(anonymous_9)
FN:25,(anonymous_10)
FN:33,(anonymous_11)
FNF:6
FNH:6
FNDA:1,(anonymous_6)
FNDA:1,(anonymous_7)
FNDA:1,(anonymous_8)
FNDA:1,(anonymous_9)
FNDA:1,(anonymous_10)
FNDA:2,(anonymous_11)
DA:1,1
DA:3,1
DA:4,1
DA:10,1
DA:11,1
DA:13,1
DA:18,1
DA:19,1
DA:20,1
DA:22,1
DA:24,1
DA:25,1
DA:26,1
DA:28,1
DA:30,1
DA:34,2
DA:35,2
DA:36,2
DA:37,2
DA:38,2
DA:39,2
DA:43,1
LF:22
LH:22
BRF:0
BRH:0
end_of_record
TN:
SF:/Users/shirishdikkar/Documents/typescript-testing/src/api/Http.ts
FN:6,(anonymous_6)
FN:15,(anonymous_7)
FNF:2
FNH:2
FNDA:1,(anonymous_6)
FNDA:1,(anonymous_7)
DA:1,2
DA:7,1
DA:16,1
DA:17,1
DA:21,2
LF:5
LH:5
BRF:0
BRH:0
end_of_record
TN:
SF:/Users/shirishdikkar/Documents/typescript-testing/src/api/Users.ts
FN:5,(anonymous_6)
FN:9,(anonymous_7)
FNF:2
FNH:2
FNDA:2,(anonymous_6)
FNDA:2,(anonymous_7)
DA:1,2
DA:6,2
DA:10,2
DA:11,2
DA:14,2
LF:5
LH:5
BRF:0
BRH:0
end_of_record
TN:
SF:/Users/shirishdikkar/Documents/typescript-testing/src/mock/SoundPlayer.ts
FN:3,(anonymous_0)
FN:6,(anonymous_1)
FNF:2
FNH:0
FNDA:0,(anonymous_0)
FNDA:0,(anonymous_1)
DA:1,2
DA:7,0
LF:2
LH:1
BRF:0
BRH:0
end_of_record
TN:
SF:/Users/shirishdikkar/Documents/typescript-testing/src/mock/SoundPlayerConsumer.ts
FN:5,(anonymous_0)
FN:9,(anonymous_1)
FNF:2
FNH:2
FNDA:3,(anonymous_0)
FNDA:2,(anonymous_1)
DA:1,2
DA:3,2
DA:6,3
DA:10,2
DA:11,2
LF:5
LH:5
BRF:0
BRH:0
end_of_record
TN:
SF:/Users/shirishdikkar/Documents/typescript-testing/src/simple/sum.ts
FN:2,(anonymous_0)
FN:3,(anonymous_1)
FNF:2
FNH:2
FNDA:4,(anonymous_0)
FNDA:4,(anonymous_1)
DA:1,1
DA:3,4
LF:2
LH:2
BRF:0
BRH:0
end_of_record
TN:
SF:/Users/shirishdikkar/Documents/typescript-testing/src/types/Evaluate.ts
FN:5,(anonymous_0)
FN:7,(anonymous_1)
FNF:2
FNH:2
FNDA:1,(anonymous_0)
FNDA:13,(anonymous_1)
DA:8,13
DA:10,9
DA:13,4
DA:15,1
DA:17,1
DA:19,1
DA:21,1
DA:29,1
LF:8
LH:8
BRDA:9,0,0,9
BRDA:9,0,1,4
BRDA:14,1,0,1
BRDA:14,1,1,1
BRDA:14,1,2,1
BRDA:14,1,3,1
BRF:6
BRH:6
end_of_record
